<?xml version="1.0" encoding="UTF-8"?>
<testsuite name="com.daitem.DaitemApplicationTests" tests="1" skipped="0" failures="0" errors="0" timestamp="2024-04-27T01:41:10" hostname="MacBook-Pro.local" time="0.675">
  <properties/>
  <testcase name="contextLoads()" classname="com.daitem.DaitemApplicationTests" time="0.675"/>
  <system-out><![CDATA[10:41:04.112 [Test worker] INFO org.springframework.test.context.support.AnnotationConfigContextLoaderUtils -- Could not detect default configuration classes for test class [com.daitem.DaitemApplicationTests]: DaitemApplicationTests does not declare any static, non-private, non-final, nested classes annotated with @Configuration.
10:41:04.236 [Test worker] INFO org.springframework.boot.test.context.SpringBootTestContextBootstrapper -- Found @SpringBootConfiguration com.daitem.DaitemApplication for test class com.daitem.DaitemApplicationTests

  .   ____          _            __ _ _
 /\\ / ___'_ __ _ _(_)_ __  __ _ \ \ \ \
( ( )\___ | '_ | '_| | '_ \/ _` | \ \ \ \
 \\/  ___)| |_)| | | | | || (_| |  ) ) ) )
  '  |____| .__|_| |_|_| |_\__, | / / / /
 =========|_|==============|___/=/_/_/_/
 :: Spring Boot ::                (v3.2.5)

2024-04-27T10:41:04.728+09:00  INFO 59338 --- [daitem] [    Test worker] com.daitem.DaitemApplicationTests        : Starting DaitemApplicationTests using Java 21.0.3 with PID 59338 (started by sulim in /Users/sulim/Documents/daitem_sparta)
2024-04-27T10:41:04.730+09:00  INFO 59338 --- [daitem] [    Test worker] com.daitem.DaitemApplicationTests        : No active profile set, falling back to 1 default profile: "default"
2024-04-27T10:41:06.100+09:00  INFO 59338 --- [daitem] [    Test worker] .s.d.r.c.RepositoryConfigurationDelegate : Bootstrapping Spring Data JPA repositories in DEFAULT mode.
2024-04-27T10:41:06.190+09:00  INFO 59338 --- [daitem] [    Test worker] .s.d.r.c.RepositoryConfigurationDelegate : Finished Spring Data repository scanning in 84 ms. Found 1 JPA repository interface.
2024-04-27T10:41:07.158+09:00  INFO 59338 --- [daitem] [    Test worker] o.hibernate.jpa.internal.util.LogHelper  : HHH000204: Processing PersistenceUnitInfo [name: default]
2024-04-27T10:41:07.213+09:00  INFO 59338 --- [daitem] [    Test worker] org.hibernate.Version                    : HHH000412: Hibernate ORM core version 6.4.4.Final
2024-04-27T10:41:07.249+09:00  INFO 59338 --- [daitem] [    Test worker] o.h.c.internal.RegionFactoryInitiator    : HHH000026: Second-level cache disabled
2024-04-27T10:41:07.458+09:00  INFO 59338 --- [daitem] [    Test worker] o.s.o.j.p.SpringPersistenceUnitInfo      : No LoadTimeWeaver setup: ignoring JPA class transformer
2024-04-27T10:41:07.477+09:00  INFO 59338 --- [daitem] [    Test worker] com.zaxxer.hikari.HikariDataSource       : HikariPool-1 - Starting...
2024-04-27T10:41:07.630+09:00  INFO 59338 --- [daitem] [    Test worker] com.zaxxer.hikari.pool.HikariPool        : HikariPool-1 - Added connection com.mysql.cj.jdbc.ConnectionImpl@6b2e9db2
2024-04-27T10:41:07.633+09:00  INFO 59338 --- [daitem] [    Test worker] com.zaxxer.hikari.HikariDataSource       : HikariPool-1 - Start completed.
2024-04-27T10:41:07.679+09:00  WARN 59338 --- [daitem] [    Test worker] org.hibernate.orm.deprecation            : HHH90000025: MySQLDialect does not need to be specified explicitly using 'hibernate.dialect' (remove the property setting and it will be selected by default)
2024-04-27T10:41:08.443+09:00  INFO 59338 --- [daitem] [    Test worker] o.h.e.t.j.p.i.JtaPlatformInitiator       : HHH000489: No JTA platform available (set 'hibernate.transaction.jta.platform' to enable JTA platform integration)
2024-04-27T10:41:08.620+09:00  INFO 59338 --- [daitem] [    Test worker] j.LocalContainerEntityManagerFactoryBean : Initialized JPA EntityManagerFactory for persistence unit 'default'
2024-04-27T10:41:09.505+09:00  WARN 59338 --- [daitem] [    Test worker] JpaBaseConfiguration$JpaWebConfiguration : spring.jpa.open-in-view is enabled by default. Therefore, database queries may be performed during view rendering. Explicitly configure spring.jpa.open-in-view to disable this warning
2024-04-27T10:41:10.078+09:00  INFO 59338 --- [daitem] [    Test worker] com.daitem.DaitemApplicationTests        : Started DaitemApplicationTests in 5.712 seconds (process running for 7.066)
]]></system-out>
  <system-err><![CDATA[WARNING: A Java agent has been loaded dynamically (/Users/sulim/.gradle/caches/modules-2/files-2.1/net.bytebuddy/byte-buddy-agent/1.14.13/979ce25f7d3096a2e82214ba7dc972a05ce7a171/byte-buddy-agent-1.14.13.jar)
WARNING: If a serviceability tool is in use, please run with -XX:+EnableDynamicAgentLoading to hide this warning
WARNING: If a serviceability tool is not in use, please run with -Djdk.instrument.traceUsage for more information
WARNING: Dynamic loading of agents will be disallowed by default in a future release
]]></system-err>
</testsuite>
